<?xml version="1.0" encoding="UTF-8" ?>
<testsuite errors="0" failures="0" hostname="Shailendra-PC" name="com.iiinfo.servlet.TestFoodEnforcement" skipped="0" tests="7" time="2.655" timestamp="2015-07-06T01:29:34">
  <properties>
[...]
</properties>
  <testcase classname="com.iiinfo.servlet.TestFoodEnforcement" name="testFormatRecallDate" time="0.02" />
  <testcase classname="com.iiinfo.servlet.TestFoodEnforcement" name="testSearchResultsWithReportDate" time="0.897" />
  <testcase classname="com.iiinfo.servlet.TestFoodEnforcement" name="testSearchResultsWithFoodName" time="0.216" />
  <testcase classname="com.iiinfo.servlet.TestFoodEnforcement" name="testSearchResultsWithClassification" time="0.467" />
  <testcase classname="com.iiinfo.servlet.TestFoodEnforcement" name="testSearchResultsWithReportDateAndFoodName" time="0.127" />
  <testcase classname="com.iiinfo.servlet.TestFoodEnforcement" name="testSearchResultsWithReportDateAndClassification" time="0.841" />
  <testcase classname="com.iiinfo.servlet.TestFoodEnforcement" name="testSearchResultsWithFoodNameAndClassification" time="0.054" />
  <system-out><![CDATA[]]></system-out>
  <system-err><![CDATA[]]></system-err>
</testsuite>
